C51 COMPILER V9.60.7.0   TXRX_LCD                                                          07/30/2025 13:56:16 PAGE 1   


C51 COMPILER V9.60.7.0, COMPILATION OF MODULE TXRX_LCD
OBJECT MODULE PLACED IN .\Objects\txrx_lcd.obj
COMPILER INVOKED BY: C:\Keil_v5\C51\BIN\C51.EXE txrx_lcd.c OPTIMIZE(8,SPEED) BROWSE DEBUG OBJECTEXTEND PRINT(.\Listings\
                    -txrx_lcd.lst) TABS(2) OBJECT(.\Objects\txrx_lcd.obj)

line level    source

   1          #include <reg52.h>
   2          #define lcd P2
   3          sbit rs=P1^0;
   4          sbit rw=P1^1;
   5          sbit en=P1^2;
   6          sbit led=P0^0;
   7          
   8          void delay();
   9          void lcd_cmd(int x);
  10          void lcd_data(unsigned char c);
  11          void lcd_init();
  12          void send(unsigned char *s);
  13          
  14          void lcd_init(){
  15   1        lcd_cmd(0x38);
  16   1        delay() ;
  17   1        lcd_cmd(0x01);
  18   1        delay();
  19   1        lcd_cmd(0x80);
  20   1        delay();
  21   1        lcd_cmd(0x0c);
  22   1        delay();
  23   1      }
  24          void lcd_cmd(int x){
  25   1        en=1;
  26   1        rs=0;
  27   1        rw=0;
  28   1        lcd=x;
  29   1        delay();
  30   1        en=0;
  31   1      }
  32          
  33          void lcd_data(unsigned char c){
  34   1        en=1;
  35   1        rs=1;
  36   1        rw=0;
  37   1        lcd=c;
  38   1        delay();
  39   1        en=0;
  40   1      }
  41          
  42          void send(unsigned char *s){
  43   1      
  44   1        while(*s){
  45   2        
  46   2              lcd_data(*s);
  47   2          while(TI==0);
  48   2          TI=0;
  49   2          SBUF=*s++;
  50   2        }
  51   1        }
  52              
  53            
  54            
C51 COMPILER V9.60.7.0   TXRX_LCD                                                          07/30/2025 13:56:16 PAGE 2   

  55          
  56          void delay(){
  57   1         int i,j;
  58   1        for(i=0;i<500;i++){
  59   2         for(j=0;j<500;j++);
  60   2        }
  61   1       }
  62          
  63           int main()
  64           {
  65   1        unsigned char ch;
  66   1        TMOD=0x20;
  67   1        SCON=0x50;
  68   1        TH1=0xfd;
  69   1        TR1=1;
  70   1        lcd_init();
  71   1        lcd_cmd(0x80);
  72   1         
  73   1         send("helloo\r\n");
  74   1         
  75   1        while(1){ 
  76   2        while(RI==0);
  77   2         ch=SBUF;
  78   2        RI=0;
  79   2        
  80   2        lcd_data(ch);
  81   2        
  82   2        //transmit received data 
  83   2        SBUF=ch ;  
  84   2        while(TI==0);
  85   2        TI=0;
  86   2      
  87   2      }
  88   1        return 0;
  89   1       }
  90           
*** WARNING C294 IN LINE 88 OF txrx_lcd.c: unreachable code


MODULE INFORMATION:   STATIC OVERLAYABLE
   CODE SIZE        =    198    ----
   CONSTANT SIZE    =      9    ----
   XDATA SIZE       =   ----    ----
   PDATA SIZE       =   ----    ----
   DATA SIZE        =   ----       4
   IDATA SIZE       =   ----    ----
   BIT SIZE         =   ----    ----
END OF MODULE INFORMATION.


C51 COMPILATION COMPLETE.  1 WARNING(S),  0 ERROR(S)
