C51 COMPILER V9.60.7.0   UART_TX                                                           07/30/2025 13:58:42 PAGE 1   


C51 COMPILER V9.60.7.0, COMPILATION OF MODULE UART_TX
OBJECT MODULE PLACED IN .\Objects\uart_tx.obj
COMPILER INVOKED BY: C:\Keil_v5\C51\BIN\C51.EXE uart_tx.c OPTIMIZE(8,SPEED) BROWSE DEBUG OBJECTEXTEND PRINT(.\Listings\u
                    -art_tx.lst) TABS(2) OBJECT(.\Objects\uart_tx.obj)

line level    source

   1          #include <reg52.h>
   2          
   3          void send(unsigned char *s);
   4          void delay();
   5          
   6          void main(){
   7   1        SCON=0x50;
   8   1        TMOD=0x20;
   9   1        TH1=0xfd;
  10   1        TR1=1;
  11   1        send("hello ...");
  12   1        delay();
  13   1        
  14   1      }
  15          
  16          void send(unsigned char *s){
  17   1        while(*s){
  18   2            SBUF=*s++;
  19   2           
  20   2            while(TI==0);
  21   2             TI=0;
  22   2      
  23   2        }
  24   1      }
  25          
  26          void delay(){
  27   1        int i;
  28   1        for(i=0;i<500000;i++){
  29   2        for(i=0;i<500000;i++);
  30   2        }
  31   1      } 


MODULE INFORMATION:   STATIC OVERLAYABLE
   CODE SIZE        =    126    ----
   CONSTANT SIZE    =     10    ----
   XDATA SIZE       =   ----    ----
   PDATA SIZE       =   ----    ----
   DATA SIZE        =   ----       3
   IDATA SIZE       =   ----    ----
   BIT SIZE         =   ----    ----
END OF MODULE INFORMATION.


C51 COMPILATION COMPLETE.  0 WARNING(S),  0 ERROR(S)
